
=== Tue Oct 26 15:26:47 2021

Packages were changed.
Update Mode: mergeDefaultDependencies

The following packages were added:
  com.unity.collab-proxy@1.13.5
  com.unity.ide.rider@3.0.7
  com.unity.ide.visualstudio@2.0.11
  com.unity.ide.vscode@1.2.4
  com.unity.modules.ai@1.0.0
  com.unity.modules.androidjni@1.0.0
  com.unity.modules.animation@1.0.0
  com.unity.modules.assetbundle@1.0.0
  com.unity.modules.audio@1.0.0
  com.unity.modules.cloth@1.0.0
  com.unity.modules.director@1.0.0
  com.unity.modules.imageconversion@1.0.0
  com.unity.modules.imgui@1.0.0
  com.unity.modules.jsonserialize@1.0.0
  com.unity.modules.particlesystem@1.0.0
  com.unity.modules.physics@1.0.0
  com.unity.modules.physics2d@1.0.0
  com.unity.modules.screencapture@1.0.0
  com.unity.modules.terrain@1.0.0
  com.unity.modules.terrainphysics@1.0.0
  com.unity.modules.tilemap@1.0.0
  com.unity.modules.ui@1.0.0
  com.unity.modules.uielements@1.0.0
  com.unity.modules.umbra@1.0.0
  com.unity.modules.unityanalytics@1.0.0
  com.unity.modules.unitywebrequest@1.0.0
  com.unity.modules.unitywebrequestassetbundle@1.0.0
  com.unity.modules.unitywebrequestaudio@1.0.0
  com.unity.modules.unitywebrequesttexture@1.0.0
  com.unity.modules.unitywebrequestwww@1.0.0
  com.unity.modules.vehicles@1.0.0
  com.unity.modules.video@1.0.0
  com.unity.modules.vr@1.0.0
  com.unity.modules.wind@1.0.0
  com.unity.modules.xr@1.0.0
  com.unity.test-framework@1.1.29
  com.unity.textmeshpro@3.0.6
  com.unity.timeline@1.5.6
  com.unity.ugui@1.0.0
  com.unity.visualscripting@1.6.1

=== Tue Nov 23 13:42:38 2021

Packages were changed.
Update Mode: updateDependencies

The following packages were updated:
  com.unity.collab-proxy from version 1.13.5 to 1.15.1
  com.unity.timeline from version 1.5.7 to 1.6.2
  com.unity.visualscripting from version 1.6.1 to 1.7.5

=== Fri Apr  8 14:15:47 2022

Packages were changed.
Update Mode: updateDependencies

The following packages were updated:
  com.unity.collab-proxy from version 1.15.9 to 1.15.13
  com.unity.ide.rider from version 3.0.10 to 3.0.12
  com.unity.ide.vscode from version 1.2.4 to 1.2.5
  com.unity.test-framework from version 1.1.30 to 1.1.31
  com.unity.timeline from version 1.6.3 to 1.6.4

=== Thu May  5 15:55:31 2022

Packages were changed.
Update Mode: updateDependencies

The following packages were updated:
  com.unity.collab-proxy from version 1.15.13 to 1.15.15
  com.unity.ide.rider from version 3.0.12 to 3.0.13

=== Mon Oct 10 11:07:25 2022

Packages were changed.
Update Mode: updateDependencies

The following packages were updated:
  com.unity.collab-proxy from version 1.15.15 to 1.17.2
  com.unity.ide.rider from version 3.0.13 to 3.0.15
  com.unity.ide.visualstudio from version 2.0.14 to 2.0.16
  com.unity.visualscripting from version 1.7.6 to 1.7.8

=== Wed Jan  4 14:28:59 2023

Packages were changed.
Update Mode: updateDependencies

The following packages were updated:
  com.unity.ide.rider from version 3.0.15 to 3.0.16

=== Mon Mar  6 10:18:52 2023

Packages were changed.
Update Mode: updateDependencies

The following packages were updated:
  com.unity.ide.rider from version 3.0.16 to 3.0.18
  com.unity.ide.visualstudio from version 2.0.16 to 2.0.17
  com.unity.inputsystem from version 1.4.4 to 1.5.0
  com.unity.visualscripting from version 1.7.8 to 1.8.0

=== Wed May 10 14:17:40 2023

Packages were changed.
Update Mode: updateDependencies

The following packages were updated:
  com.unity.ide.rider from version 3.0.18 to 3.0.20
  com.unity.ide.visualstudio from version 2.0.17 to 2.0.18
  com.unity.inputsystem from version 1.5.0 to 1.5.1

=== Tue May 23 10:07:30 2023

Packages were changed.
Update Mode: updateDependencies

The following packages were updated:
  com.unity.ide.rider from version 3.0.20 to 3.0.21
  com.unity.timeline from version 1.6.4 to 1.6.5

=== Wed Jul 19 16:11:26 2023

Packages were changed.
Update Mode: updateDependencies

The following packages were updated:
  com.unity.ide.rider from version 3.0.21 to 3.0.24
  com.unity.inputsystem from version 1.5.1 to 1.6.1

=== Wed Aug 30 15:42:13 2023

Packages were changed.
Update Mode: updateDependencies

The following packages were added:
  com.unity.ai.navigation@1.1.4
The following packages were updated:
  com.unity.inputsystem from version 1.6.1 to 1.6.3
  com.unity.timeline from version 1.6.5 to 1.7.5
  com.unity.visualscripting from version 1.8.0 to 1.9.0
  com.unity.xr.oculus from version 3.3.0 to 4.0.0

=== Thu Aug 31 11:24:04 2023

Packages were changed.
Update Mode: updateDependencies

The following packages were updated:
  com.unity.inputsystem from version 1.6.3 to 1.7.0
  com.unity.test-framework from version 1.3.0 to 1.3.7
  com.unity.timeline from version 1.7.5 to 1.8.2
